mode: set
ikuzports/features/category/service/logic.go:12.71,16.2 1 1
ikuzports/features/category/service/logic.go:18.84,20.16 2 1
ikuzports/features/category/service/logic.go:24.2,24.18 1 1
ikuzports/features/category/service/logic.go:20.16,22.3 1 1
ikuzports/features/chat/service/logic.go:14.63,19.2 1 1
ikuzports/features/chat/service/logic.go:22.59,25.22 2 1
ikuzports/features/chat/service/logic.go:28.2,28.12 1 1
ikuzports/features/chat/service/logic.go:25.22,27.3 1 1
ikuzports/features/chat/service/logic.go:32.62,34.16 2 1
ikuzports/features/chat/service/logic.go:37.2,37.33 1 1
ikuzports/features/chat/service/logic.go:40.2,41.22 2 1
ikuzports/features/chat/service/logic.go:44.2,44.12 1 1
ikuzports/features/chat/service/logic.go:34.16,36.3 1 1
ikuzports/features/chat/service/logic.go:37.33,39.3 1 1
ikuzports/features/chat/service/logic.go:41.22,43.3 1 1
ikuzports/features/chat/service/logic.go:48.68,50.16 2 1
ikuzports/features/chat/service/logic.go:55.2,55.18 1 1
ikuzports/features/chat/service/logic.go:50.16,53.3 2 1
ikuzports/features/club/service/logic.go:22.106,28.2 1 1
ikuzports/features/club/service/logic.go:31.67,32.71 1 1
ikuzports/features/club/service/logic.go:35.2,36.22 2 1
ikuzports/features/club/service/logic.go:40.2,41.19 2 1
ikuzports/features/club/service/logic.go:44.2,50.18 3 1
ikuzports/features/club/service/logic.go:54.2,55.22 2 1
ikuzports/features/club/service/logic.go:59.2,59.12 1 1
ikuzports/features/club/service/logic.go:32.71,34.3 1 1
ikuzports/features/club/service/logic.go:36.22,38.3 1 1
ikuzports/features/club/service/logic.go:41.19,43.3 1 1
ikuzports/features/club/service/logic.go:50.18,52.3 1 1
ikuzports/features/club/service/logic.go:55.22,57.3 1 1
ikuzports/features/club/service/logic.go:63.148,68.64 4 1
ikuzports/features/club/service/logic.go:74.2,74.27 1 1
ikuzports/features/club/service/logic.go:80.2,80.16 1 1
ikuzports/features/club/service/logic.go:85.2,85.24 1 1
ikuzports/features/club/service/logic.go:68.64,70.3 1 1
ikuzports/features/club/service/logic.go:70.8,72.3 1 1
ikuzports/features/club/service/logic.go:74.27,76.3 1 1
ikuzports/features/club/service/logic.go:76.8,78.3 1 1
ikuzports/features/club/service/logic.go:80.16,83.3 2 1
ikuzports/features/club/service/logic.go:89.73,91.16 2 1
ikuzports/features/club/service/logic.go:95.2,95.18 1 1
ikuzports/features/club/service/logic.go:91.16,94.3 2 1
ikuzports/features/club/service/logic.go:99.79,102.18 2 1
ikuzports/features/club/service/logic.go:105.2,105.34 1 1
ikuzports/features/club/service/logic.go:109.2,110.22 2 1
ikuzports/features/club/service/logic.go:113.2,113.12 1 1
ikuzports/features/club/service/logic.go:102.18,104.3 1 1
ikuzports/features/club/service/logic.go:105.34,107.3 1 1
ikuzports/features/club/service/logic.go:110.22,112.3 1 1
ikuzports/features/club/service/logic.go:118.62,121.18 2 1
ikuzports/features/club/service/logic.go:125.2,125.34 1 1
ikuzports/features/club/service/logic.go:129.2,130.16 2 1
ikuzports/features/club/service/logic.go:135.2,136.17 2 1
ikuzports/features/club/service/logic.go:139.2,139.12 1 1
ikuzports/features/club/service/logic.go:121.18,124.3 2 1
ikuzports/features/club/service/logic.go:125.34,127.3 1 1
ikuzports/features/club/service/logic.go:130.16,133.3 2 1
ikuzports/features/club/service/logic.go:136.17,138.3 1 1
ikuzports/features/club/service/logic.go:143.84,145.16 2 1
ikuzports/features/club/service/logic.go:150.2,150.18 1 1
ikuzports/features/club/service/logic.go:145.16,148.3 2 1
ikuzports/features/club/service/logic.go:154.76,156.16 2 1
ikuzports/features/club/service/logic.go:160.2,160.18 1 1
ikuzports/features/club/service/logic.go:156.16,159.3 2 1
ikuzports/features/club/service/logic.go:164.81,166.16 2 1
ikuzports/features/club/service/logic.go:170.2,170.18 1 1
ikuzports/features/club/service/logic.go:166.16,169.3 2 1
ikuzports/features/club/service/logic.go:174.89,176.16 2 1
ikuzports/features/club/service/logic.go:180.2,180.18 1 1
ikuzports/features/club/service/logic.go:176.16,179.3 2 1
ikuzports/features/clubActivity/service/logic.go:18.114,24.2 1 1
ikuzports/features/clubActivity/service/logic.go:27.87,28.71 1 1
ikuzports/features/clubActivity/service/logic.go:31.2,32.18 2 1
ikuzports/features/clubActivity/service/logic.go:35.2,35.34 1 1
ikuzports/features/clubActivity/service/logic.go:39.2,40.22 2 1
ikuzports/features/clubActivity/service/logic.go:43.2,43.12 1 1
ikuzports/features/clubActivity/service/logic.go:28.71,30.3 1 1
ikuzports/features/clubActivity/service/logic.go:32.18,34.3 1 1
ikuzports/features/clubActivity/service/logic.go:35.34,37.3 1 1
ikuzports/features/clubActivity/service/logic.go:40.22,42.3 1 1
ikuzports/features/clubActivity/service/logic.go:48.99,49.22 1 1
ikuzports/features/clubActivity/service/logic.go:55.2,55.16 1 1
ikuzports/features/clubActivity/service/logic.go:60.2,60.18 1 1
ikuzports/features/clubActivity/service/logic.go:49.22,51.3 1 1
ikuzports/features/clubActivity/service/logic.go:51.8,53.3 1 1
ikuzports/features/clubActivity/service/logic.go:55.16,58.3 2 1
ikuzports/features/clubActivity/service/logic.go:64.95,67.18 2 1
ikuzports/features/clubActivity/service/logic.go:70.2,70.34 1 1
ikuzports/features/clubActivity/service/logic.go:74.2,75.22 2 1
ikuzports/features/clubActivity/service/logic.go:78.2,78.12 1 1
ikuzports/features/clubActivity/service/logic.go:67.18,69.3 1 1
ikuzports/features/clubActivity/service/logic.go:70.34,72.3 1 1
ikuzports/features/clubActivity/service/logic.go:75.22,77.3 1 1
ikuzports/features/clubMember/service/logic.go:18.110,24.2 1 1
ikuzports/features/clubMember/service/logic.go:27.71,30.18 3 1
ikuzports/features/clubMember/service/logic.go:36.2,36.119 1 1
ikuzports/features/clubMember/service/logic.go:47.2,47.12 1 1
ikuzports/features/clubMember/service/logic.go:30.18,32.23 2 1
ikuzports/features/clubMember/service/logic.go:32.23,34.4 1 1
ikuzports/features/clubMember/service/logic.go:36.119,37.39 1 1
ikuzports/features/clubMember/service/logic.go:37.39,39.4 1 1
ikuzports/features/clubMember/service/logic.go:39.9,41.4 1 1
ikuzports/features/clubMember/service/logic.go:51.98,52.23 1 1
ikuzports/features/clubMember/service/logic.go:57.2,57.16 1 1
ikuzports/features/clubMember/service/logic.go:62.2,62.18 1 1
ikuzports/features/clubMember/service/logic.go:52.23,54.3 1 1
ikuzports/features/clubMember/service/logic.go:54.8,56.3 1 1
ikuzports/features/clubMember/service/logic.go:57.16,60.3 2 1
ikuzports/features/clubMember/service/logic.go:66.85,68.16 2 1
ikuzports/features/clubMember/service/logic.go:71.2,71.18 1 1
ikuzports/features/clubMember/service/logic.go:68.16,70.3 1 1
ikuzports/features/clubMember/service/logic.go:75.68,77.16 2 1
ikuzports/features/clubMember/service/logic.go:80.2,81.18 2 1
ikuzports/features/clubMember/service/logic.go:85.2,85.34 1 1
ikuzports/features/clubMember/service/logic.go:89.2,90.22 2 1
ikuzports/features/clubMember/service/logic.go:93.2,94.19 2 1
ikuzports/features/clubMember/service/logic.go:97.2,97.12 1 1
ikuzports/features/clubMember/service/logic.go:77.16,79.3 1 1
ikuzports/features/clubMember/service/logic.go:81.18,83.3 1 1
ikuzports/features/clubMember/service/logic.go:85.34,87.3 1 1
ikuzports/features/clubMember/service/logic.go:90.22,92.3 1 1
ikuzports/features/clubMember/service/logic.go:94.19,96.3 1 1
ikuzports/features/clubMember/service/logic.go:101.91,103.21 2 1
ikuzports/features/clubMember/service/logic.go:107.2,107.51 1 1
ikuzports/features/clubMember/service/logic.go:111.2,113.16 3 1
ikuzports/features/clubMember/service/logic.go:116.2,117.18 2 1
ikuzports/features/clubMember/service/logic.go:121.2,121.34 1 1
ikuzports/features/clubMember/service/logic.go:125.2,126.22 2 1
ikuzports/features/clubMember/service/logic.go:130.2,131.19 2 1
ikuzports/features/clubMember/service/logic.go:135.2,156.20 4 1
ikuzports/features/clubMember/service/logic.go:160.2,160.12 1 1
ikuzports/features/clubMember/service/logic.go:103.21,105.3 1 1
ikuzports/features/clubMember/service/logic.go:107.51,109.3 1 1
ikuzports/features/clubMember/service/logic.go:113.16,115.3 1 1
ikuzports/features/clubMember/service/logic.go:117.18,119.3 1 1
ikuzports/features/clubMember/service/logic.go:121.34,123.3 1 1
ikuzports/features/clubMember/service/logic.go:126.22,128.3 1 1
ikuzports/features/clubMember/service/logic.go:131.19,133.3 1 1
ikuzports/features/clubMember/service/logic.go:156.20,158.3 1 1
ikuzports/features/event/service/logic.go:19.106,25.2 1 1
ikuzports/features/event/service/logic.go:27.72,29.71 2 1
ikuzports/features/event/service/logic.go:32.2,32.51 1 1
ikuzports/features/event/service/logic.go:36.2,39.16 3 1
ikuzports/features/event/service/logic.go:43.2,44.19 2 1
ikuzports/features/event/service/logic.go:48.2,54.18 3 1
ikuzports/features/event/service/logic.go:58.2,59.22 2 1
ikuzports/features/event/service/logic.go:63.2,63.12 1 1
ikuzports/features/event/service/logic.go:29.71,31.3 1 1
ikuzports/features/event/service/logic.go:32.51,34.3 1 1
ikuzports/features/event/service/logic.go:39.16,41.3 1 1
ikuzports/features/event/service/logic.go:44.19,46.3 1 1
ikuzports/features/event/service/logic.go:54.18,56.3 1 1
ikuzports/features/event/service/logic.go:59.22,61.3 1 1
ikuzports/features/event/service/logic.go:66.136,71.20 4 1
ikuzports/features/event/service/logic.go:75.2,75.29 1 1
ikuzports/features/event/service/logic.go:81.2,81.66 1 1
ikuzports/features/event/service/logic.go:87.2,87.16 1 1
ikuzports/features/event/service/logic.go:92.2,92.18 1 1
ikuzports/features/event/service/logic.go:71.20,73.3 1 1
ikuzports/features/event/service/logic.go:75.29,76.85 1 1
ikuzports/features/event/service/logic.go:76.85,78.4 1 1
ikuzports/features/event/service/logic.go:81.66,83.3 1 1
ikuzports/features/event/service/logic.go:83.8,85.3 1 1
ikuzports/features/event/service/logic.go:87.16,90.3 2 1
ikuzports/features/event/service/logic.go:95.80,97.16 2 1
ikuzports/features/event/service/logic.go:101.2,101.18 1 1
ikuzports/features/event/service/logic.go:97.16,99.3 1 1
ikuzports/features/event/service/logic.go:104.57,106.16 2 1
ikuzports/features/event/service/logic.go:110.2,110.12 1 1
ikuzports/features/event/service/logic.go:106.16,108.3 1 1
ikuzports/features/galery/service/logic.go:18.102,24.2 1 1
ikuzports/features/galery/service/logic.go:27.72,29.16 2 1
ikuzports/features/galery/service/logic.go:34.2,34.18 1 1
ikuzports/features/galery/service/logic.go:29.16,32.3 2 1
ikuzports/features/galery/service/logic.go:38.71,39.71 1 1
ikuzports/features/galery/service/logic.go:42.2,43.18 2 1
ikuzports/features/galery/service/logic.go:46.2,47.34 2 1
ikuzports/features/galery/service/logic.go:50.2,51.22 2 1
ikuzports/features/galery/service/logic.go:54.2,54.12 1 1
ikuzports/features/galery/service/logic.go:39.71,41.3 1 1
ikuzports/features/galery/service/logic.go:43.18,45.3 1 1
ikuzports/features/galery/service/logic.go:47.34,49.3 1 1
ikuzports/features/galery/service/logic.go:51.22,53.3 1 1
ikuzports/features/galery/service/logic.go:58.77,60.16 2 1
ikuzports/features/galery/service/logic.go:63.2,63.18 1 1
ikuzports/features/galery/service/logic.go:60.16,62.3 1 1
ikuzports/features/galery/service/logic.go:67.64,69.16 2 1
ikuzports/features/galery/service/logic.go:72.2,73.18 2 1
ikuzports/features/galery/service/logic.go:76.2,76.34 1 1
ikuzports/features/galery/service/logic.go:79.2,80.22 2 1
ikuzports/features/galery/service/logic.go:83.2,83.12 1 1
ikuzports/features/galery/service/logic.go:69.16,71.3 1 1
ikuzports/features/galery/service/logic.go:73.18,75.3 1 1
ikuzports/features/galery/service/logic.go:76.34,78.3 1 1
ikuzports/features/galery/service/logic.go:80.22,82.3 1 1
ikuzports/features/galery/service/logic.go:87.83,89.16 2 1
ikuzports/features/galery/service/logic.go:92.2,93.18 2 1
ikuzports/features/galery/service/logic.go:96.2,96.34 1 1
ikuzports/features/galery/service/logic.go:99.2,101.22 3 1
ikuzports/features/galery/service/logic.go:104.2,104.12 1 1
ikuzports/features/galery/service/logic.go:89.16,91.3 1 1
ikuzports/features/galery/service/logic.go:93.18,95.3 1 1
ikuzports/features/galery/service/logic.go:96.34,98.3 1 1
ikuzports/features/galery/service/logic.go:101.22,103.3 1 1
ikuzports/features/itemCategory/service/logic.go:12.79,16.2 1 1
ikuzports/features/itemCategory/service/logic.go:18.96,20.16 2 1
ikuzports/features/itemCategory/service/logic.go:24.2,24.18 1 1
ikuzports/features/itemCategory/service/logic.go:20.16,22.3 1 1
ikuzports/features/participant/service/logic.go:17.114,22.2 1 1
ikuzports/features/participant/service/logic.go:24.89,27.86 2 1
ikuzports/features/participant/service/logic.go:31.2,32.21 2 1
ikuzports/features/participant/service/logic.go:37.2,37.61 1 1
ikuzports/features/participant/service/logic.go:44.2,44.59 1 1
ikuzports/features/participant/service/logic.go:60.2,60.12 1 1
ikuzports/features/participant/service/logic.go:27.86,29.3 1 1
ikuzports/features/participant/service/logic.go:32.21,35.3 2 0
ikuzports/features/participant/service/logic.go:37.61,39.17 2 1
ikuzports/features/participant/service/logic.go:39.17,41.4 1 1
ikuzports/features/participant/service/logic.go:44.59,46.3 1 1
ikuzports/features/participant/service/logic.go:46.8,50.17 3 1
ikuzports/features/participant/service/logic.go:54.3,55.23 2 1
ikuzports/features/participant/service/logic.go:50.17,52.4 1 1
ikuzports/features/participant/service/logic.go:55.23,57.4 1 1
ikuzports/features/product/service/logic.go:16.69,21.2 1 1
ikuzports/features/product/service/logic.go:23.158,28.68 4 1
ikuzports/features/product/service/logic.go:34.2,34.16 1 1
ikuzports/features/product/service/logic.go:39.2,39.27 1 1
ikuzports/features/product/service/logic.go:45.2,45.24 1 1
ikuzports/features/product/service/logic.go:28.68,30.3 1 1
ikuzports/features/product/service/logic.go:30.8,32.3 1 1
ikuzports/features/product/service/logic.go:34.16,37.3 2 1
ikuzports/features/product/service/logic.go:39.27,41.3 1 1
ikuzports/features/product/service/logic.go:41.8,43.3 1 1
ikuzports/features/product/service/logic.go:48.78,49.71 1 1
ikuzports/features/product/service/logic.go:53.2,54.16 2 1
ikuzports/features/product/service/logic.go:59.2,59.12 1 1
ikuzports/features/product/service/logic.go:49.71,51.3 1 1
ikuzports/features/product/service/logic.go:54.16,57.3 2 1
ikuzports/features/product/service/logic.go:62.86,64.16 2 1
ikuzports/features/product/service/logic.go:69.2,69.18 1 1
ikuzports/features/product/service/logic.go:64.16,67.3 2 1
ikuzports/features/product/service/logic.go:72.86,74.16 2 1
ikuzports/features/product/service/logic.go:78.2,78.12 1 1
ikuzports/features/product/service/logic.go:74.16,77.3 2 1
ikuzports/features/product/service/logic.go:81.59,83.16 2 1
ikuzports/features/product/service/logic.go:87.2,87.12 1 1
ikuzports/features/product/service/logic.go:83.16,86.3 2 1
ikuzports/features/product/service/logic.go:91.91,93.16 2 1
ikuzports/features/product/service/logic.go:98.2,98.18 1 1
ikuzports/features/product/service/logic.go:93.16,96.3 2 1
ikuzports/features/productImage/service/logic.go:13.79,17.2 1 1
ikuzports/features/productImage/service/logic.go:19.93,21.16 2 1
ikuzports/features/productImage/service/logic.go:24.2,24.12 1 1
ikuzports/features/productImage/service/logic.go:21.16,23.3 1 1
ikuzports/features/productImage/service/logic.go:27.96,29.16 2 1
ikuzports/features/productImage/service/logic.go:34.2,34.18 1 1
ikuzports/features/productImage/service/logic.go:29.16,32.3 2 1
ikuzports/features/productImage/service/logic.go:37.101,39.16 2 1
ikuzports/features/productImage/service/logic.go:44.2,44.18 1 1
ikuzports/features/productImage/service/logic.go:39.16,42.3 2 1
ikuzports/features/transaction/service/logic.go:19.153,25.2 1 1
ikuzports/features/transaction/service/logic.go:27.121,29.23 2 0
ikuzports/features/transaction/service/logic.go:34.2,35.20 2 0
ikuzports/features/transaction/service/logic.go:40.2,47.40 6 0
ikuzports/features/transaction/service/logic.go:51.2,52.16 2 0
ikuzports/features/transaction/service/logic.go:57.2,63.40 2 0
ikuzports/features/transaction/service/logic.go:68.2,68.23 1 0
ikuzports/features/transaction/service/logic.go:29.23,32.3 2 0
ikuzports/features/transaction/service/logic.go:35.20,38.3 2 0
ikuzports/features/transaction/service/logic.go:47.40,49.3 1 0
ikuzports/features/transaction/service/logic.go:52.16,55.3 2 0
ikuzports/features/transaction/service/logic.go:63.40,66.3 2 0
ikuzports/features/transaction/service/logic.go:71.93,73.16 2 1
ikuzports/features/transaction/service/logic.go:78.2,78.18 1 1
ikuzports/features/transaction/service/logic.go:73.16,76.3 2 1
ikuzports/features/transaction/service/logic.go:81.98,83.16 2 1
ikuzports/features/transaction/service/logic.go:88.2,88.18 1 1
ikuzports/features/transaction/service/logic.go:83.16,86.3 2 1
ikuzports/features/transaction/service/logic.go:91.90,93.16 2 1
ikuzports/features/transaction/service/logic.go:97.2,97.12 1 1
ikuzports/features/transaction/service/logic.go:93.16,96.3 2 1
ikuzports/features/user/service/logic.go:21.63,26.2 1 1
ikuzports/features/user/service/logic.go:29.65,31.71 1 1
ikuzports/features/user/service/logic.go:35.2,36.20 2 1
ikuzports/features/user/service/logic.go:40.2,41.27 2 1
ikuzports/features/user/service/logic.go:46.2,48.31 2 1
ikuzports/features/user/service/logic.go:52.2,52.25 1 0
ikuzports/features/user/service/logic.go:67.2,67.12 1 0
ikuzports/features/user/service/logic.go:31.71,33.3 1 1
ikuzports/features/user/service/logic.go:36.20,38.3 1 1
ikuzports/features/user/service/logic.go:41.27,43.3 1 1
ikuzports/features/user/service/logic.go:48.31,50.3 1 1
ikuzports/features/user/service/logic.go:52.25,54.24 2 0
ikuzports/features/user/service/logic.go:59.3,62.23 4 0
ikuzports/features/user/service/logic.go:54.24,57.4 2 0
ikuzports/features/user/service/logic.go:62.23,65.4 2 0
ikuzports/features/user/service/logic.go:71.68,75.16 2 1
ikuzports/features/user/service/logic.go:80.2,80.18 1 1
ikuzports/features/user/service/logic.go:75.16,78.3 2 1
ikuzports/features/user/service/logic.go:83.73,85.16 2 1
ikuzports/features/user/service/logic.go:90.2,90.18 1 1
ikuzports/features/user/service/logic.go:85.16,88.3 2 1
ikuzports/features/user/service/logic.go:94.67,96.26 1 1
ikuzports/features/user/service/logic.go:105.2,105.23 1 1
ikuzports/features/user/service/logic.go:112.2,113.79 2 1
ikuzports/features/user/service/logic.go:117.2,117.25 1 1
ikuzports/features/user/service/logic.go:124.2,124.12 1 1
ikuzports/features/user/service/logic.go:96.26,98.21 2 1
ikuzports/features/user/service/logic.go:101.3,102.36 2 1
ikuzports/features/user/service/logic.go:98.21,100.4 1 1
ikuzports/features/user/service/logic.go:105.23,107.28 2 1
ikuzports/features/user/service/logic.go:107.28,109.4 1 1
ikuzports/features/user/service/logic.go:113.79,115.3 1 1
ikuzports/features/user/service/logic.go:117.25,119.17 2 1
ikuzports/features/user/service/logic.go:119.17,122.4 2 1
ikuzports/features/user/service/logic.go:127.50,130.16 2 1
ikuzports/features/user/service/logic.go:134.2,134.12 1 1
ikuzports/features/user/service/logic.go:130.16,133.3 2 1
ikuzports/features/user/service/logic.go:138.82,140.16 2 1
ikuzports/features/user/service/logic.go:145.2,145.18 1 1
ikuzports/features/user/service/logic.go:140.16,143.3 2 1
ikuzports/features/user/service/logic.go:149.83,151.16 2 1
ikuzports/features/user/service/logic.go:156.2,156.18 1 1
ikuzports/features/user/service/logic.go:151.16,154.3 2 1
ikuzports/features/user/service/logic.go:160.86,162.16 2 1
ikuzports/features/user/service/logic.go:166.2,166.18 1 1
ikuzports/features/user/service/logic.go:162.16,165.3 2 1
ikuzports/features/user/service/logic.go:170.101,172.16 2 1
ikuzports/features/user/service/logic.go:177.2,177.18 1 1
ikuzports/features/user/service/logic.go:172.16,175.3 2 1
